<?xml version="1.0" encoding="UTF-8"?>
<!-- Generated by org.testng.reporters.JUnitReportReporter -->
<testsuite hostname="DESKTOP-5BR1BH4" failures="0" tests="1" name="com.portal.test.Login" time="23.924" errors="0" timestamp="2023-10-17T17:00:07 IST" skipped="0">
  <testcase classname="com.portal.test.Login" name="portal_loin" time="23.924"/>
  <system-out/>
</testsuite> <!-- com.portal.test.Login -->
